2025-01-28 18:51:00 | DEBUG | repo=pv243-a4m36jee-2016-infinispan-seminar | action=commit
2025-09-02 15:02:00 | INFO | repo=pv243-a4m36jee-2016-infinispan-seminar | action=commit
2025-05-16 07:23:00 | INFO | repo=pv243-a4m36jee-2016-infinispan-seminar | action=commit
2025-10-22 19:33:00 | INFO | repo=pv243-a4m36jee-2016-infinispan-seminar | action=commit
2025-05-11 12:29:00 | DEBUG | repo=pv243-a4m36jee-2016-infinispan-seminar | action=test | passed=true
2025-03-03 08:12:00 | DEBUG | repo=pv243-a4m36jee-2016-infinispan-seminar | action=commit
2025-09-28 10:57:00 | INFO | repo=pv243-a4m36jee-2016-infinispan-seminar | action=pull
2025-03-01 08:41:00 | INFO | repo=pv243-a4m36jee-2016-infinispan-seminar | action=test | passed=true
2025-03-26 08:42:00 | WARN | repo=pv243-a4m36jee-2016-infinispan-seminar | action=pull
2025-01-18 14:23:00 | DEBUG | repo=pv243-a4m36jee-2016-infinispan-seminar | action=commit
2025-02-02 08:22:00 | WARN | repo=pv243-a4m36jee-2016-infinispan-seminar | action=test | passed=true
2025-12-04 18:35:00 | DEBUG | repo=pv243-a4m36jee-2016-infinispan-seminar | action=commit
2025-04-10 12:00:00 | DEBUG | repo=pv243-a4m36jee-2016-infinispan-seminar | action=commit
2025-11-05 09:12:00 | WARN | repo=pv243-a4m36jee-2016-infinispan-seminar | action=edit | files=4
2025-10-02 17:07:00 | INFO | repo=pv243-a4m36jee-2016-infinispan-seminar | action=edit | files=1
2025-06-05 13:59:00 | INFO | repo=pv243-a4m36jee-2016-infinispan-seminar | action=edit | files=3
2025-02-23 13:03:00 | WARN | repo=pv243-a4m36jee-2016-infinispan-seminar | action=commit
2025-03-20 08:09:00 | DEBUG | repo=pv243-a4m36jee-2016-infinispan-seminar | action=commit
2025-09-13 08:46:00 | INFO | repo=pv243-a4m36jee-2016-infinispan-seminar | action=commit
2025-06-02 07:02:00 | INFO | repo=pv243-a4m36jee-2016-infinispan-seminar | action=commit
2025-12-10 07:18:00 | INFO | repo=pv243-a4m36jee-2016-infinispan-seminar | action=pull
2025-03-21 21:45:00 | INFO | repo=pv243-a4m36jee-2016-infinispan-seminar | action=commit
2025-01-09 12:50:00 | INFO | repo=pv243-a4m36jee-2016-infinispan-seminar | action=test | passed=true
2025-01-25 20:19:00 | WARN | repo=pv243-a4m36jee-2016-infinispan-seminar | action=commit
2025-11-17 07:03:00 | WARN | repo=pv243-a4m36jee-2016-infinispan-seminar | action=commit
2025-02-23 15:06:00 | INFO | repo=pv243-a4m36jee-2016-infinispan-seminar | action=commit
2025-03-10 15:42:00 | INFO | repo=pv243-a4m36jee-2016-infinispan-seminar | action=edit | files=4
2025-09-04 19:41:00 | DEBUG | repo=pv243-a4m36jee-2016-infinispan-seminar | action=commit
2025-11-15 10:22:00 | INFO | repo=pv243-a4m36jee-2016-infinispan-seminar | action=commit
2025-07-21 07:22:00 | INFO | repo=pv243-a4m36jee-2016-infinispan-seminar | action=edit | files=2
2025-04-03 19:08:00 | WARN | repo=pv243-a4m36jee-2016-infinispan-seminar | action=commit
2025-01-10 15:39:00 | DEBUG | repo=pv243-a4m36jee-2016-infinispan-seminar | action=commit
2025-11-13 08:36:00 | DEBUG | repo=pv243-a4m36jee-2016-infinispan-seminar | action=commit
2025-04-23 19:40:00 | WARN | repo=pv243-a4m36jee-2016-infinispan-seminar | action=test | passed=true
2025-12-04 08:10:00 | WARN | repo=pv243-a4m36jee-2016-infinispan-seminar | action=commit
2025-06-21 16:42:00 | DEBUG | repo=pv243-a4m36jee-2016-infinispan-seminar | action=pull
2025-10-11 16:10:00 | DEBUG | repo=pv243-a4m36jee-2016-infinispan-seminar | action=test | passed=true
2025-07-05 17:15:00 | DEBUG | repo=pv243-a4m36jee-2016-infinispan-seminar | action=commit
2025-07-24 13:20:00 | WARN | repo=pv243-a4m36jee-2016-infinispan-seminar | action=commit
2025-07-08 09:00:00 | INFO | repo=pv243-a4m36jee-2016-infinispan-seminar | action=commit
2025-01-20 14:49:00 | INFO | repo=pv243-a4m36jee-2016-infinispan-seminar | action=commit
2025-03-12 10:49:00 | INFO | repo=pv243-a4m36jee-2016-infinispan-seminar | action=commit
2025-06-10 21:01:00 | WARN | repo=pv243-a4m36jee-2016-infinispan-seminar | action=commit
2025-02-07 09:25:00 | WARN | repo=pv243-a4m36jee-2016-infinispan-seminar | action=commit
2025-02-06 14:22:00 | INFO | repo=pv243-a4m36jee-2016-infinispan-seminar | action=commit
2025-01-25 17:02:00 | INFO | repo=pv243-a4m36jee-2016-infinispan-seminar | action=commit
